#
# There is insufficient memory for the Java Runtime Environment to continue.
# Native memory allocation (malloc) failed to allocate 32744 bytes for ChunkPool::allocate
# Possible reasons:
#   The system is out of physical RAM or swap space
#   The process is running with CompressedOops enabled, and the Java Heap may be blocking the growth of the native heap
# Possible solutions:
#   Reduce memory load on the system
#   Increase physical memory or swap space
#   Check if swap backing store is full
#   Decrease Java heap size (-Xmx/-Xms)
#   Decrease number of Java threads
#   Decrease Java thread stack sizes (-Xss)
#   Set larger code cache with -XX:ReservedCodeCacheSize=
#   JVM is running with Unscaled Compressed Oops mode in which the Java heap is
#     placed in the first 4GB address space. The Java Heap base address is the
#     maximum limit for the native heap growth. Please use -XX:HeapBaseMinAddress
#     to set the Java Heap base and to place the Java Heap above 4GB virtual address.
# This output file may be truncated or incomplete.
#
#  Out of Memory Error (src/hotspot/share/memory/arena.cpp:81), pid=10116, tid=13568
#
# JRE version: OpenJDK Runtime Environment JBR-11.0.14.1.1-2043.25-jcef (11.0.14.1+1) (build 11.0.14.1+1-b2043.25)
# Java VM: OpenJDK 64-Bit Server VM JBR-11.0.14.1.1-2043.25-jcef (11.0.14.1+1-b2043.25, mixed mode, tiered, compressed oops, g1 gc, windows-amd64)
# No core dump will be written. Minidumps are not enabled by default on client versions of Windows
#

---------------  S U M M A R Y ------------

Command Line: -Djava.rmi.server.hostname=127.0.0.1 -Duser.timezone=UTC -Xmx750m -Xms128m -Dfile.encoding=UTF-8 com.intellij.database.remote.RemoteJdbcServer org.postgresql.Driver

Host: 11th Gen Intel(R) Core(TM) i5-1135G7 @ 2.40GHz, 8 cores, 7G,  Windows 10 , 64 bit Build 19041 (10.0.19041.1682)
Time: Thu Apr 28 19:14:58 2022 FLE Daylight Time elapsed time: 166.684069 seconds (0d 0h 2m 46s)

---------------  T H R E A D  ---------------

Current thread (0x0000021760890000):  JavaThread "C2 CompilerThread0" daemon [_thread_in_native, id=13568, stack(0x0000001a0e600000,0x0000001a0e700000)]


Current CompileTask:
C2: 166684 1997   !   4       java.io.ObjectOutputStream::writeObject0 (619 bytes)

Stack: [0x0000001a0e600000,0x0000001a0e700000]
Native frames: (J=compiled Java code, j=interpreted, Vv=VM code, C=native code)
V  [jvm.dll+0x61618a]
V  [jvm.dll+0x79c450]
V  [jvm.dll+0x79da6d]
V  [jvm.dll+0x79e143]
V  [jvm.dll+0x24c968]
V  [jvm.dll+0xc165b]
V  [jvm.dll+0xc190c]
V  [jvm.dll+0x36863e]
V  [jvm.dll+0x50cb24]
V  [jvm.dll+0x32e162]
V  [jvm.dll+0x32d62a]
V  [jvm.dll+0x204dd2]
V  [jvm.dll+0x203f57]
V  [jvm.dll+0x18b5e1]
V  [jvm.dll+0x212c6f]
V  [jvm.dll+0x211511]
V  [jvm.dll+0x762b9f]
V  [jvm.dll+0x75b755]
V  [jvm.dll+0x614df6]
C  [ucrtbase.dll+0x21bb2]
C  [KERNEL32.DLL+0x17034]
C  [ntdll.dll+0x52651]


---------------  P R O C E S S  ---------------

Threads class SMR info:
_java_thread_list=0x0000021761919750, length=18, elements={
0x000002174928a000, 0x000002176084c000, 0x0000021760876800, 0x0000021761203000,
0x000002176088c800, 0x000002176088d800, 0x0000021760890000, 0x0000021760899000,
0x00000217608ad800, 0x0000021761357800, 0x000002176136e000, 0x0000021761705800,
0x000002176175b800, 0x000002176175c000, 0x0000021761c09000, 0x0000021761c5a000,
0x00000217627f7000, 0x0000021761b44800
}

Java Threads: ( => current thread )
  0x000002174928a000 JavaThread "main" [_thread_blocked, id=13724, stack(0x0000001a0da00000,0x0000001a0db00000)]
  0x000002176084c000 JavaThread "Reference Handler" daemon [_thread_blocked, id=12344, stack(0x0000001a0e100000,0x0000001a0e200000)]
  0x0000021760876800 JavaThread "Finalizer" daemon [_thread_blocked, id=9784, stack(0x0000001a0e200000,0x0000001a0e300000)]
  0x0000021761203000 JavaThread "Signal Dispatcher" daemon [_thread_blocked, id=11056, stack(0x0000001a0e300000,0x0000001a0e400000)]
  0x000002176088c800 JavaThread "Attach Listener" daemon [_thread_blocked, id=11728, stack(0x0000001a0e400000,0x0000001a0e500000)]
  0x000002176088d800 JavaThread "Service Thread" daemon [_thread_blocked, id=4204, stack(0x0000001a0e500000,0x0000001a0e600000)]
=>0x0000021760890000 JavaThread "C2 CompilerThread0" daemon [_thread_in_native, id=13568, stack(0x0000001a0e600000,0x0000001a0e700000)]
  0x0000021760899000 JavaThread "C1 CompilerThread0" daemon [_thread_blocked, id=14060, stack(0x0000001a0e700000,0x0000001a0e800000)]
  0x00000217608ad800 JavaThread "Sweeper thread" daemon [_thread_blocked, id=5500, stack(0x0000001a0e800000,0x0000001a0e900000)]
  0x0000021761357800 JavaThread "Common-Cleaner" daemon [_thread_blocked, id=14088, stack(0x0000001a0ea00000,0x0000001a0eb00000)]
  0x000002176136e000 JavaThread "RMI TCP Accept-55637" daemon [_thread_in_native, id=6172, stack(0x0000001a0eb00000,0x0000001a0ec00000)]
  0x0000021761705800 JavaThread "RMI TCP Accept-0" daemon [_thread_in_native, id=2680, stack(0x0000001a0ec00000,0x0000001a0ed00000)]
  0x000002176175b800 JavaThread "RMI Reaper" [_thread_blocked, id=3236, stack(0x0000001a0ed00000,0x0000001a0ee00000)]
  0x000002176175c000 JavaThread "RMI GC Daemon" daemon [_thread_blocked, id=8044, stack(0x0000001a0ee00000,0x0000001a0ef00000)]
  0x0000021761c09000 JavaThread "RMI TCP Connection(1)-127.0.0.1" daemon [_thread_in_native, id=12800, stack(0x0000001a0f000000,0x0000001a0f100000)]
  0x0000021761c5a000 JavaThread "RMI Scheduler(0)" daemon [_thread_blocked, id=11108, stack(0x0000001a0f100000,0x0000001a0f200000)]
  0x00000217627f7000 JavaThread "RMI TCP Connection(2)-127.0.0.1" daemon [_thread_in_native, id=14276, stack(0x0000001a0f200000,0x0000001a0f300000)]
  0x0000021761b44800 JavaThread "RMI TCP Connection(3)-127.0.0.1" daemon [_thread_in_native, id=8516, stack(0x0000001a0f500000,0x0000001a0f600000)]

Other Threads:
  0x000002176084b800 VMThread "VM Thread" [stack: 0x0000001a0e000000,0x0000001a0e100000] [id=8508]
  0x0000021761352000 WatcherThread [stack: 0x0000001a0e900000,0x0000001a0ea00000] [id=6476]
  0x00000217492a3000 GCTaskThread "GC Thread#0" [stack: 0x0000001a0db00000,0x0000001a0dc00000] [id=2764]
  0x0000021762686000 GCTaskThread "GC Thread#1" [stack: 0x0000001a0d700000,0x0000001a0d800000] [id=10656]
  0x0000021763ba0800 GCTaskThread "GC Thread#2" [stack: 0x0000001a0d800000,0x0000001a0d900000] [id=6388]
  0x0000021761812800 GCTaskThread "GC Thread#3" [stack: 0x0000001a0d900000,0x0000001a0da00000] [id=9040]
  0x00000217492bd000 ConcurrentGCThread "G1 Main Marker" [stack: 0x0000001a0dc00000,0x0000001a0dd00000] [id=12720]
  0x00000217492be800 ConcurrentGCThread "G1 Conc#0" [stack: 0x0000001a0dd00000,0x0000001a0de00000] [id=4860]
  0x000002174935e000 ConcurrentGCThread "G1 Refine#0" [stack: 0x0000001a0de00000,0x0000001a0df00000] [id=9820]
  0x000002176143b000 ConcurrentGCThread "G1 Refine#1" [stack: 0x0000001a0f300000,0x0000001a0f400000] [id=4192]
  0x0000021761c01000 ConcurrentGCThread "G1 Refine#2" [stack: 0x0000001a0f400000,0x0000001a0f500000] [id=10840]
  0x000002174935f000 ConcurrentGCThread "G1 Young RemSet Sampling" [stack: 0x0000001a0df00000,0x0000001a0e000000] [id=2176]

Threads with active compile tasks:
C2 CompilerThread0 166720 1997   !   4       java.io.ObjectOutputStream::writeObject0 (619 bytes)

VM state:not at safepoint (normal execution)

VM Mutex/Monitor currently owned by a thread: None

Heap address: 0x00000000d1200000, size: 750 MB, Compressed Oops mode: 32-bit
Narrow klass base: 0x0000000000000000, Narrow klass shift: 3
Compressed class space size: 1073741824 Address: 0x0000000100000000

Heap:
 garbage-first heap   total 131072K, used 18204K [0x00000000d1200000, 0x0000000100000000)
  region size 1024K, 14 young (14336K), 1 survivors (1024K)
 Metaspace       used 17973K, capacity 18648K, committed 18816K, reserved 1067008K
  class space    used 1820K, capacity 2055K, committed 2176K, reserved 1048576K
Heap Regions: E=young(eden), S=young(survivor), O=old, HS=humongous(starts), HC=humongous(continues), CS=collection set, F=free, A=archive, TAMS=top-at-mark-start (previous, next)
|   0|0x00000000d1200000, 0x00000000d1300000, 0x00000000d1300000|100%| O|  |TAMS 0x00000000d1200000, 0x00000000d1200000| Untracked 
|   1|0x00000000d1300000, 0x00000000d1400000, 0x00000000d1400000|100%| O|  |TAMS 0x00000000d1300000, 0x00000000d1300000| Untracked 
|   2|0x00000000d1400000, 0x00000000d1500000, 0x00000000d1500000|100%| O|  |TAMS 0x00000000d1400000, 0x00000000d1400000| Untracked 
|   3|0x00000000d1500000, 0x00000000d1600000, 0x00000000d1600000|100%| O|  |TAMS 0x00000000d1500000, 0x00000000d1500000| Untracked 
|   4|0x00000000d1600000, 0x00000000d1700000, 0x00000000d1700000|100%| O|  |TAMS 0x00000000d1600000, 0x00000000d1600000| Untracked 
|   5|0x00000000d1700000, 0x00000000d1760800, 0x00000000d1800000| 37%| O|  |TAMS 0x00000000d1700000, 0x00000000d1700000| Untracked 
|   6|0x00000000d1800000, 0x00000000d1800000, 0x00000000d1900000|  0%| F|  |TAMS 0x00000000d1800000, 0x00000000d1800000| Untracked 
|   7|0x00000000d1900000, 0x00000000d1900000, 0x00000000d1a00000|  0%| F|  |TAMS 0x00000000d1900000, 0x00000000d1900000| Untracked 
|   8|0x00000000d1a00000, 0x00000000d1a00000, 0x00000000d1b00000|  0%| F|  |TAMS 0x00000000d1a00000, 0x00000000d1a00000| Untracked 
|   9|0x00000000d1b00000, 0x00000000d1b00000, 0x00000000d1c00000|  0%| F|  |TAMS 0x00000000d1b00000, 0x00000000d1b00000| Untracked 
|  10|0x00000000d1c00000, 0x00000000d1c00000, 0x00000000d1d00000|  0%| F|  |TAMS 0x00000000d1c00000, 0x00000000d1c00000| Untracked 
|  11|0x00000000d1d00000, 0x00000000d1d00000, 0x00000000d1e00000|  0%| F|  |TAMS 0x00000000d1d00000, 0x00000000d1d00000| Untracked 
|  12|0x00000000d1e00000, 0x00000000d1e00000, 0x00000000d1f00000|  0%| F|  |TAMS 0x00000000d1e00000, 0x00000000d1e00000| Untracked 
|  13|0x00000000d1f00000, 0x00000000d1f00000, 0x00000000d2000000|  0%| F|  |TAMS 0x00000000d1f00000, 0x00000000d1f00000| Untracked 
|  14|0x00000000d2000000, 0x00000000d2000000, 0x00000000d2100000|  0%| F|  |TAMS 0x00000000d2000000, 0x00000000d2000000| Untracked 
|  15|0x00000000d2100000, 0x00000000d2100000, 0x00000000d2200000|  0%| F|  |TAMS 0x00000000d2100000, 0x00000000d2100000| Untracked 
|  16|0x00000000d2200000, 0x00000000d2200000, 0x00000000d2300000|  0%| F|  |TAMS 0x00000000d2200000, 0x00000000d2200000| Untracked 
|  17|0x00000000d2300000, 0x00000000d2300000, 0x00000000d2400000|  0%| F|  |TAMS 0x00000000d2300000, 0x00000000d2300000| Untracked 
|  18|0x00000000d2400000, 0x00000000d2400000, 0x00000000d2500000|  0%| F|  |TAMS 0x00000000d2400000, 0x00000000d2400000| Untracked 
|  19|0x00000000d2500000, 0x00000000d2500000, 0x00000000d2600000|  0%| F|  |TAMS 0x00000000d2500000, 0x00000000d2500000| Untracked 
|  20|0x00000000d2600000, 0x00000000d2600000, 0x00000000d2700000|  0%| F|  |TAMS 0x00000000d2600000, 0x00000000d2600000| Untracked 
|  21|0x00000000d2700000, 0x00000000d2700000, 0x00000000d2800000|  0%| F|  |TAMS 0x00000000d2700000, 0x00000000d2700000| Untracked 
|  22|0x00000000d2800000, 0x00000000d2800000, 0x00000000d2900000|  0%| F|  |TAMS 0x00000000d2800000, 0x00000000d2800000| Untracked 
|  23|0x00000000d2900000, 0x00000000d2900000, 0x00000000d2a00000|  0%| F|  |TAMS 0x00000000d2900000, 0x00000000d2900000| Untracked 
|  24|0x00000000d2a00000, 0x00000000d2a00000, 0x00000000d2b00000|  0%| F|  |TAMS 0x00000000d2a00000, 0x00000000d2a00000| Untracked 
|  25|0x00000000d2b00000, 0x00000000d2b00000, 0x00000000d2c00000|  0%| F|  |TAMS 0x00000000d2b00000, 0x00000000d2b00000| Untracked 
|  26|0x00000000d2c00000, 0x00000000d2c00000, 0x00000000d2d00000|  0%| F|  |TAMS 0x00000000d2c00000, 0x00000000d2c00000| Untracked 
|  27|0x00000000d2d00000, 0x00000000d2d00000, 0x00000000d2e00000|  0%| F|  |TAMS 0x00000000d2d00000, 0x00000000d2d00000| Untracked 
|  28|0x00000000d2e00000, 0x00000000d2e00000, 0x00000000d2f00000|  0%| F|  |TAMS 0x00000000d2e00000, 0x00000000d2e00000| Untracked 
|  29|0x00000000d2f00000, 0x00000000d2f00000, 0x00000000d3000000|  0%| F|  |TAMS 0x00000000d2f00000, 0x00000000d2f00000| Untracked 
|  30|0x00000000d3000000, 0x00000000d3000000, 0x00000000d3100000|  0%| F|  |TAMS 0x00000000d3000000, 0x00000000d3000000| Untracked 
|  31|0x00000000d3100000, 0x00000000d3100000, 0x00000000d3200000|  0%| F|  |TAMS 0x00000000d3100000, 0x00000000d3100000| Untracked 
|  32|0x00000000d3200000, 0x00000000d3200000, 0x00000000d3300000|  0%| F|  |TAMS 0x00000000d3200000, 0x00000000d3200000| Untracked 
|  33|0x00000000d3300000, 0x00000000d3300000, 0x00000000d3400000|  0%| F|  |TAMS 0x00000000d3300000, 0x00000000d3300000| Untracked 
|  34|0x00000000d3400000, 0x00000000d3400000, 0x00000000d3500000|  0%| F|  |TAMS 0x00000000d3400000, 0x00000000d3400000| Untracked 
|  35|0x00000000d3500000, 0x00000000d3500000, 0x00000000d3600000|  0%| F|  |TAMS 0x00000000d3500000, 0x00000000d3500000| Untracked 
|  36|0x00000000d3600000, 0x00000000d3600000, 0x00000000d3700000|  0%| F|  |TAMS 0x00000000d3600000, 0x00000000d3600000| Untracked 
|  37|0x00000000d3700000, 0x00000000d3700000, 0x00000000d3800000|  0%| F|  |TAMS 0x00000000d3700000, 0x00000000d3700000| Untracked 
|  38|0x00000000d3800000, 0x00000000d3800000, 0x00000000d3900000|  0%| F|  |TAMS 0x00000000d3800000, 0x00000000d3800000| Untracked 
|  39|0x00000000d3900000, 0x00000000d3900000, 0x00000000d3a00000|  0%| F|  |TAMS 0x00000000d3900000, 0x00000000d3900000| Untracked 
|  40|0x00000000d3a00000, 0x00000000d3a00000, 0x00000000d3b00000|  0%| F|  |TAMS 0x00000000d3a00000, 0x00000000d3a00000| Untracked 
|  41|0x00000000d3b00000, 0x00000000d3b00000, 0x00000000d3c00000|  0%| F|  |TAMS 0x00000000d3b00000, 0x00000000d3b00000| Untracked 
|  42|0x00000000d3c00000, 0x00000000d3c00000, 0x00000000d3d00000|  0%| F|  |TAMS 0x00000000d3c00000, 0x00000000d3c00000| Untracked 
|  43|0x00000000d3d00000, 0x00000000d3d00000, 0x00000000d3e00000|  0%| F|  |TAMS 0x00000000d3d00000, 0x00000000d3d00000| Untracked 
|  44|0x00000000d3e00000, 0x00000000d3e00000, 0x00000000d3f00000|  0%| F|  |TAMS 0x00000000d3e00000, 0x00000000d3e00000| Untracked 
|  45|0x00000000d3f00000, 0x00000000d3f00000, 0x00000000d4000000|  0%| F|  |TAMS 0x00000000d3f00000, 0x00000000d3f00000| Untracked 
|  46|0x00000000d4000000, 0x00000000d4000000, 0x00000000d4100000|  0%| F|  |TAMS 0x00000000d4000000, 0x00000000d4000000| Untracked 
|  47|0x00000000d4100000, 0x00000000d4100000, 0x00000000d4200000|  0%| F|  |TAMS 0x00000000d4100000, 0x00000000d4100000| Untracked 
|  48|0x00000000d4200000, 0x00000000d4200000, 0x00000000d4300000|  0%| F|  |TAMS 0x00000000d4200000, 0x00000000d4200000| Untracked 
|  49|0x00000000d4300000, 0x00000000d4300000, 0x00000000d4400000|  0%| F|  |TAMS 0x00000000d4300000, 0x00000000d4300000| Untracked 
|  50|0x00000000d4400000, 0x00000000d4400000, 0x00000000d4500000|  0%| F|  |TAMS 0x00000000d4400000, 0x00000000d4400000| Untracked 
|  51|0x00000000d4500000, 0x00000000d4500000, 0x00000000d4600000|  0%| F|  |TAMS 0x00000000d4500000, 0x00000000d4500000| Untracked 
|  52|0x00000000d4600000, 0x00000000d4600000, 0x00000000d4700000|  0%| F|  |TAMS 0x00000000d4600000, 0x00000000d4600000| Untracked 
|  53|0x00000000d4700000, 0x00000000d4700000, 0x00000000d4800000|  0%| F|  |TAMS 0x00000000d4700000, 0x00000000d4700000| Untracked 
|  54|0x00000000d4800000, 0x00000000d4800000, 0x00000000d4900000|  0%| F|  |TAMS 0x00000000d4800000, 0x00000000d4800000| Untracked 
|  55|0x00000000d4900000, 0x00000000d4900000, 0x00000000d4a00000|  0%| F|  |TAMS 0x00000000d4900000, 0x00000000d4900000| Untracked 
|  56|0x00000000d4a00000, 0x00000000d4a00000, 0x00000000d4b00000|  0%| F|  |TAMS 0x00000000d4a00000, 0x00000000d4a00000| Untracked 
|  57|0x00000000d4b00000, 0x00000000d4b00000, 0x00000000d4c00000|  0%| F|  |TAMS 0x00000000d4b00000, 0x00000000d4b00000| Untracked 
|  58|0x00000000d4c00000, 0x00000000d4c00000, 0x00000000d4d00000|  0%| F|  |TAMS 0x00000000d4c00000, 0x00000000d4c00000| Untracked 
|  59|0x00000000d4d00000, 0x00000000d4d00000, 0x00000000d4e00000|  0%| F|  |TAMS 0x00000000d4d00000, 0x00000000d4d00000| Untracked 
|  60|0x00000000d4e00000, 0x00000000d4e00000, 0x00000000d4f00000|  0%| F|  |TAMS 0x00000000d4e00000, 0x00000000d4e00000| Untracked 
|  61|0x00000000d4f00000, 0x00000000d4f00000, 0x00000000d5000000|  0%| F|  |TAMS 0x00000000d4f00000, 0x00000000d4f00000| Untracked 
|  62|0x00000000d5000000, 0x00000000d5000000, 0x00000000d5100000|  0%| F|  |TAMS 0x00000000d5000000, 0x00000000d5000000| Untracked 
|  63|0x00000000d5100000, 0x00000000d5100000, 0x00000000d5200000|  0%| F|  |TAMS 0x00000000d5100000, 0x00000000d5100000| Untracked 
|  64|0x00000000d5200000, 0x00000000d5200000, 0x00000000d5300000|  0%| F|  |TAMS 0x00000000d5200000, 0x00000000d5200000| Untracked 
|  65|0x00000000d5300000, 0x00000000d5300000, 0x00000000d5400000|  0%| F|  |TAMS 0x00000000d5300000, 0x00000000d5300000| Untracked 
|  66|0x00000000d5400000, 0x00000000d5400000, 0x00000000d5500000|  0%| F|  |TAMS 0x00000000d5400000, 0x00000000d5400000| Untracked 
|  67|0x00000000d5500000, 0x00000000d5500000, 0x00000000d5600000|  0%| F|  |TAMS 0x00000000d5500000, 0x00000000d5500000| Untracked 
|  68|0x00000000d5600000, 0x00000000d5600000, 0x00000000d5700000|  0%| F|  |TAMS 0x00000000d5600000, 0x00000000d5600000| Untracked 
|  69|0x00000000d5700000, 0x00000000d5700000, 0x00000000d5800000|  0%| F|  |TAMS 0x00000000d5700000, 0x00000000d5700000| Untracked 
|  70|0x00000000d5800000, 0x00000000d5800000, 0x00000000d5900000|  0%| F|  |TAMS 0x00000000d5800000, 0x00000000d5800000| Untracked 
|  71|0x00000000d5900000, 0x00000000d5900000, 0x00000000d5a00000|  0%| F|  |TAMS 0x00000000d5900000, 0x00000000d5900000| Untracked 
|  72|0x00000000d5a00000, 0x00000000d5a00000, 0x00000000d5b00000|  0%| F|  |TAMS 0x00000000d5a00000, 0x00000000d5a00000| Untracked 
|  73|0x00000000d5b00000, 0x00000000d5b00000, 0x00000000d5c00000|  0%| F|  |TAMS 0x00000000d5b00000, 0x00000000d5b00000| Untracked 
|  74|0x00000000d5c00000, 0x00000000d5c00000, 0x00000000d5d00000|  0%| F|  |TAMS 0x00000000d5c00000, 0x00000000d5c00000| Untracked 
|  75|0x00000000d5d00000, 0x00000000d5d00000, 0x00000000d5e00000|  0%| F|  |TAMS 0x00000000d5d00000, 0x00000000d5d00000| Untracked 
|  76|0x00000000d5e00000, 0x00000000d5e00000, 0x00000000d5f00000|  0%| F|  |TAMS 0x00000000d5e00000, 0x00000000d5e00000| Untracked 
|  77|0x00000000d5f00000, 0x00000000d5f00000, 0x00000000d6000000|  0%| F|  |TAMS 0x00000000d5f00000, 0x00000000d5f00000| Untracked 
|  78|0x00000000d6000000, 0x00000000d6000000, 0x00000000d6100000|  0%| F|  |TAMS 0x00000000d6000000, 0x00000000d6000000| Untracked 
|  79|0x00000000d6100000, 0x00000000d6100000, 0x00000000d6200000|  0%| F|  |TAMS 0x00000000d6100000, 0x00000000d6100000| Untracked 
|  80|0x00000000d6200000, 0x00000000d6200000, 0x00000000d6300000|  0%| F|  |TAMS 0x00000000d6200000, 0x00000000d6200000| Untracked 
|  81|0x00000000d6300000, 0x00000000d6300000, 0x00000000d6400000|  0%| F|  |TAMS 0x00000000d6300000, 0x00000000d6300000| Untracked 
|  82|0x00000000d6400000, 0x00000000d6400000, 0x00000000d6500000|  0%| F|  |TAMS 0x00000000d6400000, 0x00000000d6400000| Untracked 
|  83|0x00000000d6500000, 0x00000000d6500000, 0x00000000d6600000|  0%| F|  |TAMS 0x00000000d6500000, 0x00000000d6500000| Untracked 
|  84|0x00000000d6600000, 0x00000000d6600000, 0x00000000d6700000|  0%| F|  |TAMS 0x00000000d6600000, 0x00000000d6600000| Untracked 
|  85|0x00000000d6700000, 0x00000000d6700000, 0x00000000d6800000|  0%| F|  |TAMS 0x00000000d6700000, 0x00000000d6700000| Untracked 
|  86|0x00000000d6800000, 0x00000000d6800000, 0x00000000d6900000|  0%| F|  |TAMS 0x00000000d6800000, 0x00000000d6800000| Untracked 
|  87|0x00000000d6900000, 0x00000000d6900000, 0x00000000d6a00000|  0%| F|  |TAMS 0x00000000d6900000, 0x00000000d6900000| Untracked 
|  88|0x00000000d6a00000, 0x00000000d6a00000, 0x00000000d6b00000|  0%| F|  |TAMS 0x00000000d6a00000, 0x00000000d6a00000| Untracked 
|  89|0x00000000d6b00000, 0x00000000d6b00000, 0x00000000d6c00000|  0%| F|  |TAMS 0x00000000d6b00000, 0x00000000d6b00000| Untracked 
|  90|0x00000000d6c00000, 0x00000000d6c00000, 0x00000000d6d00000|  0%| F|  |TAMS 0x00000000d6c00000, 0x00000000d6c00000| Untracked 
|  91|0x00000000d6d00000, 0x00000000d6d00000, 0x00000000d6e00000|  0%| F|  |TAMS 0x00000000d6d00000, 0x00000000d6d00000| Untracked 
|  92|0x00000000d6e00000, 0x00000000d6e00000, 0x00000000d6f00000|  0%| F|  |TAMS 0x00000000d6e00000, 0x00000000d6e00000| Untracked 
|  93|0x00000000d6f00000, 0x00000000d6f00000, 0x00000000d7000000|  0%| F|  |TAMS 0x00000000d6f00000, 0x00000000d6f00000| Untracked 
|  94|0x00000000d7000000, 0x00000000d7000000, 0x00000000d7100000|  0%| F|  |TAMS 0x00000000d7000000, 0x00000000d7000000| Untracked 
|  95|0x00000000d7100000, 0x00000000d7100000, 0x00000000d7200000|  0%| F|  |TAMS 0x00000000d7100000, 0x00000000d7100000| Untracked 
|  96|0x00000000d7200000, 0x00000000d7200000, 0x00000000d7300000|  0%| F|  |TAMS 0x00000000d7200000, 0x00000000d7200000| Untracked 
|  97|0x00000000d7300000, 0x00000000d7300000, 0x00000000d7400000|  0%| F|  |TAMS 0x00000000d7300000, 0x00000000d7300000| Untracked 
|  98|0x00000000d7400000, 0x00000000d7400000, 0x00000000d7500000|  0%| F|  |TAMS 0x00000000d7400000, 0x00000000d7400000| Untracked 
|  99|0x00000000d7500000, 0x00000000d7500000, 0x00000000d7600000|  0%| F|  |TAMS 0x00000000d7500000, 0x00000000d7500000| Untracked 
| 100|0x00000000d7600000, 0x00000000d7600000, 0x00000000d7700000|  0%| F|  |TAMS 0x00000000d7600000, 0x00000000d7600000| Untracked 
| 101|0x00000000d7700000, 0x00000000d7700000, 0x00000000d7800000|  0%| F|  |TAMS 0x00000000d7700000, 0x00000000d7700000| Untracked 
| 102|0x00000000d7800000, 0x00000000d7800000, 0x00000000d7900000|  0%| F|  |TAMS 0x00000000d7800000, 0x00000000d7800000| Untracked 
| 103|0x00000000d7900000, 0x00000000d7900000, 0x00000000d7a00000|  0%| F|  |TAMS 0x00000000d7900000, 0x00000000d7900000| Untracked 
| 104|0x00000000d7a00000, 0x00000000d7a00000, 0x00000000d7b00000|  0%| F|  |TAMS 0x00000000d7a00000, 0x00000000d7a00000| Untracked 
| 105|0x00000000d7b00000, 0x00000000d7b00000, 0x00000000d7c00000|  0%| F|  |TAMS 0x00000000d7b00000, 0x00000000d7b00000| Untracked 
| 106|0x00000000d7c00000, 0x00000000d7c00000, 0x00000000d7d00000|  0%| F|  |TAMS 0x00000000d7c00000, 0x00000000d7c00000| Untracked 
| 107|0x00000000d7d00000, 0x00000000d7d00000, 0x00000000d7e00000|  0%| F|  |TAMS 0x00000000d7d00000, 0x00000000d7d00000| Untracked 
| 108|0x00000000d7e00000, 0x00000000d7e00000, 0x00000000d7f00000|  0%| F|  |TAMS 0x00000000d7e00000, 0x00000000d7e00000| Untracked 
| 109|0x00000000d7f00000, 0x00000000d7f00000, 0x00000000d8000000|  0%| F|  |TAMS 0x00000000d7f00000, 0x00000000d7f00000| Untracked 
| 110|0x00000000d8000000, 0x00000000d8000000, 0x00000000d8100000|  0%| F|  |TAMS 0x00000000d8000000, 0x00000000d8000000| Untracked 
| 111|0x00000000d8100000, 0x00000000d8100000, 0x00000000d8200000|  0%| F|  |TAMS 0x00000000d8100000, 0x00000000d8100000| Untracked 
| 112|0x00000000d8200000, 0x00000000d8200000, 0x00000000d8300000|  0%| F|  |TAMS 0x00000000d8200000, 0x00000000d8200000| Untracked 
| 113|0x00000000d8300000, 0x00000000d8300000, 0x00000000d8400000|  0%| F|  |TAMS 0x00000000d8300000, 0x00000000d8300000| Untracked 
| 114|0x00000000d8400000, 0x00000000d8500000, 0x00000000d8500000|100%| E|  |TAMS 0x00000000d8400000, 0x00000000d8400000| Complete 
| 115|0x00000000d8500000, 0x00000000d8600000, 0x00000000d8600000|100%| E|CS|TAMS 0x00000000d8500000, 0x00000000d8500000| Complete 
| 116|0x00000000d8600000, 0x00000000d8700000, 0x00000000d8700000|100%| E|CS|TAMS 0x00000000d8600000, 0x00000000d8600000| Complete 
| 117|0x00000000d8700000, 0x00000000d8800000, 0x00000000d8800000|100%| E|CS|TAMS 0x00000000d8700000, 0x00000000d8700000| Complete 
| 118|0x00000000d8800000, 0x00000000d8900000, 0x00000000d8900000|100%| E|CS|TAMS 0x00000000d8800000, 0x00000000d8800000| Complete 
| 119|0x00000000d8900000, 0x00000000d8a00000, 0x00000000d8a00000|100%| E|CS|TAMS 0x00000000d8900000, 0x00000000d8900000| Complete 
| 120|0x00000000d8a00000, 0x00000000d8b00000, 0x00000000d8b00000|100%| E|CS|TAMS 0x00000000d8a00000, 0x00000000d8a00000| Complete 
| 121|0x00000000d8b00000, 0x00000000d8c00000, 0x00000000d8c00000|100%| E|CS|TAMS 0x00000000d8b00000, 0x00000000d8b00000| Complete 
| 122|0x00000000d8c00000, 0x00000000d8d00000, 0x00000000d8d00000|100%| E|CS|TAMS 0x00000000d8c00000, 0x00000000d8c00000| Complete 
| 123|0x00000000d8d00000, 0x00000000d8e00000, 0x00000000d8e00000|100%| E|CS|TAMS 0x00000000d8d00000, 0x00000000d8d00000| Complete 
| 124|0x00000000d8e00000, 0x00000000d8e66a80, 0x00000000d8f00000| 40%| S|CS|TAMS 0x00000000d8e00000, 0x00000000d8e00000| Complete 
| 125|0x00000000d8f00000, 0x00000000d9000000, 0x00000000d9000000|100%| E|CS|TAMS 0x00000000d8f00000, 0x00000000d8f00000| Complete 
| 126|0x00000000d9000000, 0x00000000d9100000, 0x00000000d9100000|100%| E|CS|TAMS 0x00000000d9000000, 0x00000000d9000000| Complete 
| 127|0x00000000d9100000, 0x00000000d9200000, 0x00000000d9200000|100%| E|CS|TAMS 0x00000000d9100000, 0x00000000d9100000| Complete 

Card table byte_map: [0x000002175c3c0000,0x000002175c540000] _byte_map_base: 0x000002175bd37000

Marking Bits (Prev, Next): (CMBitMap*) 0x00000217492b63a8, (CMBitMap*) 0x00000217492b63e0
 Prev Bits: [0x000002175c6c0000, 0x000002175d278000)
 Next Bits: [0x000002175d280000, 0x000002175de38000)

Polling page: 0x0000021748a70000

Metaspace:

Usage:
  Non-class:     16.20 MB capacity,    15.77 MB ( 97%) used,   378.14 KB (  2%) free+waste,    61.69 KB ( <1%) overhead. 
      Class:      2.01 MB capacity,     1.78 MB ( 89%) used,   204.60 KB ( 10%) free+waste,    30.13 KB (  1%) overhead. 
       Both:     18.21 MB capacity,    17.55 MB ( 96%) used,   582.74 KB (  3%) free+waste,    91.81 KB ( <1%) overhead. 

Virtual space:
  Non-class space:       18.00 MB reserved,      16.25 MB ( 90%) committed 
      Class space:        1.00 GB reserved,       2.13 MB ( <1%) committed 
             Both:        1.02 GB reserved,      18.38 MB (  2%) committed 

Chunk freelists:
   Non-Class:  47.00 KB
       Class:  0 bytes
        Both:  47.00 KB

MaxMetaspaceSize: 17179869184.00 GB
CompressedClassSpaceSize: 1.00 GB
Initial GC threshold: 20.80 MB
Current GC threshold: 20.80 MB
CDS: off

CodeHeap 'non-profiled nmethods': size=120000Kb used=837Kb max_used=837Kb free=119162Kb
 bounds [0x00000217549c0000, 0x0000021754c30000, 0x000002175bef0000]
CodeHeap 'profiled nmethods': size=120000Kb used=4134Kb max_used=4134Kb free=115866Kb
 bounds [0x000002174d490000, 0x000002174d8a0000, 0x00000217549c0000]
CodeHeap 'non-nmethods': size=5760Kb used=1224Kb max_used=1261Kb free=4536Kb
 bounds [0x000002174cef0000, 0x000002174d160000, 0x000002174d490000]
 total_blobs=2521 nmethods=2031 adapters=403
 compilation: enabled
              stopped_count=0, restarted_count=0
 full_count=0

Compilation events (20 events):
Event: 166.647 Thread 0x0000021760899000 2033       3       java.nio.Buffer::rewind (12 bytes)
Event: 166.647 Thread 0x0000021760899000 nmethod 2033 0x000002174d88d610 code [0x000002174d88d7c0, 0x000002174d88d8d8]
Event: 166.647 Thread 0x0000021760899000 2034       3       jdk.internal.jimage.ImageStringsReader::get (9 bytes)
Event: 166.647 Thread 0x0000021760899000 nmethod 2034 0x000002174d88d990 code [0x000002174d88db40, 0x000002174d88dce8]
Event: 166.648 Thread 0x0000021760899000 2035       3       java.lang.StringBuilder::append (10 bytes)
Event: 166.648 Thread 0x0000021760899000 nmethod 2035 0x000002174d88dd90 code [0x000002174d88df40, 0x000002174d88e088]
Event: 166.648 Thread 0x0000021760899000 2037       3       jdk.internal.jimage.BasicImageReader::getAttributes (48 bytes)
Event: 166.649 Thread 0x0000021760899000 nmethod 2037 0x000002174d88e110 code [0x000002174d88e320, 0x000002174d88ea08]
Event: 166.649 Thread 0x0000021760899000 2038  s    3       jdk.internal.jimage.BasicImageReader::findLocation (115 bytes)
Event: 166.650 Thread 0x0000021760899000 nmethod 2038 0x000002174d88ec10 code [0x000002174d88ef40, 0x000002174d8900b8]
Event: 166.650 Thread 0x0000021760899000 2039       3       jdk.internal.jimage.ImageStringsReader::hashCode (8 bytes)
Event: 166.650 Thread 0x0000021760899000 nmethod 2039 0x000002174d890690 code [0x000002174d890880, 0x000002174d890a98]
Event: 166.650 Thread 0x0000021760899000 2040       3       jdk.internal.module.SystemModuleFinders$SystemModuleReader::find (54 bytes)
Event: 166.651 Thread 0x0000021760899000 nmethod 2040 0x000002174d890c10 code [0x000002174d890f40, 0x000002174d891eb8]
Event: 166.651 Thread 0x0000021760899000 2036       3       java.lang.AbstractStringBuilder::append (43 bytes)
Event: 166.652 Thread 0x0000021760899000 nmethod 2036 0x000002174d892510 code [0x000002174d892700, 0x000002174d8929d8]
Event: 166.656 Thread 0x0000021760899000 2041   !   3       java.util.concurrent.ConcurrentHashMap::transfer (828 bytes)
Event: 166.660 Thread 0x0000021760899000 nmethod 2041 0x000002174d892b10 code [0x000002174d892fa0, 0x000002174d8961b8]
Event: 166.660 Thread 0x0000021760899000 2042       3       java.lang.Class::getDeclaredMethod (63 bytes)
Event: 166.661 Thread 0x0000021760899000 nmethod 2042 0x000002174d897a90 code [0x000002174d897d40, 0x000002174d898828]

GC Heap History (4 events):
Event: 165.253 GC heap before
{Heap before GC invocations=0 (full 0):
 garbage-first heap   total 131072K, used 23552K [0x00000000d1200000, 0x0000000100000000)
  region size 1024K, 24 young (24576K), 0 survivors (0K)
 Metaspace       used 16304K, capacity 16836K, committed 17024K, reserved 1064960K
  class space    used 1682K, capacity 1877K, committed 1920K, reserved 1048576K
}
Event: 165.259 GC heap after
{Heap after GC invocations=1 (full 0):
 garbage-first heap   total 131072K, used 5324K [0x00000000d1200000, 0x0000000100000000)
  region size 1024K, 3 young (3072K), 3 survivors (3072K)
 Metaspace       used 16304K, capacity 16836K, committed 17024K, reserved 1064960K
  class space    used 1682K, capacity 1877K, committed 1920K, reserved 1048576K
}
Event: 165.448 GC heap before
{Heap before GC invocations=1 (full 0):
 garbage-first heap   total 131072K, used 8396K [0x00000000d1200000, 0x0000000100000000)
  region size 1024K, 6 young (6144K), 3 survivors (3072K)
 Metaspace       used 16793K, capacity 17350K, committed 17536K, reserved 1064960K
  class space    used 1714K, capacity 1914K, committed 1920K, reserved 1048576K
}
Event: 165.451 GC heap after
{Heap after GC invocations=2 (full 0):
 garbage-first heap   total 131072K, used 5916K [0x00000000d1200000, 0x0000000100000000)
  region size 1024K, 1 young (1024K), 1 survivors (1024K)
 Metaspace       used 16793K, capacity 17350K, committed 17536K, reserved 1064960K
  class space    used 1714K, capacity 1914K, committed 1920K, reserved 1048576K
}

Deoptimization events (20 events):
Event: 165.594 Thread 0x00000217627f7000 DEOPT PACKING pc=0x0000021754a5989c sp=0x0000001a0f2fa2e0
Event: 165.594 Thread 0x00000217627f7000 DEOPT UNPACKING pc=0x000002174cef85af sp=0x0000001a0f2fa228 mode 2
Event: 165.594 Thread 0x00000217627f7000 Uncommon trap: trap_request=0xffffffc6 fr.pc=0x0000021754a5989c relative=0x0000000000000ddc
Event: 165.594 Thread 0x00000217627f7000 Uncommon trap: reason=bimorphic_or_optimized_type_check action=maybe_recompile pc=0x0000021754a5989c method=java.util.HashMap.putVal(ILjava/lang/Object;Ljava/lang/Object;ZZ)Ljava/lang/Object; @ 91 c2
Event: 165.594 Thread 0x00000217627f7000 DEOPT PACKING pc=0x0000021754a5989c sp=0x0000001a0f2fa2e0
Event: 165.594 Thread 0x00000217627f7000 DEOPT UNPACKING pc=0x000002174cef85af sp=0x0000001a0f2fa228 mode 2
Event: 165.594 Thread 0x00000217627f7000 Uncommon trap: trap_request=0xffffffc6 fr.pc=0x0000021754a5989c relative=0x0000000000000ddc
Event: 165.594 Thread 0x00000217627f7000 Uncommon trap: reason=bimorphic_or_optimized_type_check action=maybe_recompile pc=0x0000021754a5989c method=java.util.HashMap.putVal(ILjava/lang/Object;Ljava/lang/Object;ZZ)Ljava/lang/Object; @ 91 c2
Event: 165.594 Thread 0x00000217627f7000 DEOPT PACKING pc=0x0000021754a5989c sp=0x0000001a0f2fa2e0
Event: 165.594 Thread 0x00000217627f7000 DEOPT UNPACKING pc=0x000002174cef85af sp=0x0000001a0f2fa228 mode 2
Event: 165.594 Thread 0x00000217627f7000 Uncommon trap: trap_request=0xffffffc6 fr.pc=0x0000021754a5b694 relative=0x0000000000000df4
Event: 165.594 Thread 0x00000217627f7000 Uncommon trap: reason=bimorphic_or_optimized_type_check action=maybe_recompile pc=0x0000021754a5b694 method=java.util.HashMap.putVal(ILjava/lang/Object;Ljava/lang/Object;ZZ)Ljava/lang/Object; @ 91 c2
Event: 165.594 Thread 0x00000217627f7000 DEOPT PACKING pc=0x0000021754a5b694 sp=0x0000001a0f2fa250
Event: 165.594 Thread 0x00000217627f7000 DEOPT UNPACKING pc=0x000002174cef85af sp=0x0000001a0f2fa220 mode 2
Event: 165.623 Thread 0x00000217627f7000 DEOPT PACKING pc=0x000002174d50c9c9 sp=0x0000001a0f2fa9f0
Event: 165.623 Thread 0x00000217627f7000 DEOPT UNPACKING pc=0x000002174cf39d0e sp=0x0000001a0f2f9e68 mode 0
Event: 166.208 Thread 0x00000217627f7000 Uncommon trap: trap_request=0xffffff4d fr.pc=0x0000021754a81e88 relative=0x0000000000000428
Event: 166.208 Thread 0x00000217627f7000 Uncommon trap: reason=unstable_if action=reinterpret pc=0x0000021754a81e88 method=java.io.BufferedOutputStream.write([BII)V @ 35 c2
Event: 166.208 Thread 0x00000217627f7000 DEOPT PACKING pc=0x0000021754a81e88 sp=0x0000001a0f2fabb0
Event: 166.208 Thread 0x00000217627f7000 DEOPT UNPACKING pc=0x000002174cef85af sp=0x0000001a0f2faaf8 mode 2

Classes redefined (0 events):
No events

Internal exceptions (20 events):
Event: 0.619 Thread 0x000002174928a000 Exception <a 'java/lang/NoSuchMethodError'{0x00000000d8703cd0}: 'java.lang.Object java.lang.invoke.DelegatingMethodHandle$Holder.reinvoke_L(java.lang.Object, java.lang.Object, long)'> (0x00000000d8703cd0) thrown at [src/hotspot/share/interpreter/linkResolver.cpp, line 773]
Event: 0.620 Thread 0x000002174928a000 Exception <a 'java/lang/NoSuchMethodError'{0x00000000d8706ec0}: 'java.lang.Object java.lang.invoke.Invokers$Holder.linkToTargetMethod(java.lang.Object, long, java.lang.Object)'> (0x00000000d8706ec0) thrown at [src/hotspot/share/interpreter/linkResolver.cpp, line 773]
Event: 0.708 Thread 0x0000021761c09000 Exception <a 'java/lang/NoSuchMethodError'{0x00000000d87cecc8}: 'java.lang.Object java.lang.invoke.DelegatingMethodHandle$Holder.reinvoke_L(java.lang.Object, int, java.lang.Object)'> (0x00000000d87cecc8) thrown at [src/hotspot/share/interpreter/linkResolver.cpp, line 773]
Event: 0.847 Thread 0x00000217627f7000 Exception <a 'java/lang/NoSuchMethodError'{0x00000000d851dbd8}: <clinit>> (0x00000000d851dbd8) thrown at [src/hotspot/share/prims/jni.cpp, line 1366]
Event: 1.217 Thread 0x00000217627f7000 Exception <a 'java/lang/NoSuchMethodError'{0x00000000d832f218}: 'java.lang.Object java.lang.invoke.DirectMethodHandle$Holder.invokeVirtual(java.lang.Object, java.lang.Object, java.lang.Object, java.lang.Object)'> (0x00000000d832f218) thrown at [src/hotspot/share/interpreter/linkResolver.cpp, line 773]
Event: 1.280 Thread 0x00000217627f7000 Exception <a 'java/lang/NoSuchMethodError'{0x00000000d826a0f8}: 'java.lang.Object java.lang.invoke.DirectMethodHandle$Holder.invokeStaticInit(java.lang.Object, java.lang.Object, java.lang.Object)'> (0x00000000d826a0f8) thrown at [src/hotspot/share/interpreter/linkResolver.cpp, line 773]
Event: 1.360 Thread 0x00000217627f7000 Exception <a 'sun/nio/fs/WindowsException'{0x00000000d7f70b60}> (0x00000000d7f70b60) thrown at [src/hotspot/share/prims/jni.cpp, line 616]
Event: 1.361 Thread 0x00000217627f7000 Exception <a 'java/lang/NoSuchMethodError'{0x00000000d7f77cf0}: 'int java.lang.invoke.DirectMethodHandle$Holder.invokeSpecialIFC(java.lang.Object, java.lang.Object, int)'> (0x00000000d7f77cf0) thrown at [src/hotspot/share/interpreter/linkResolver.cpp, line 773]
Event: 1.430 Thread 0x00000217627f7000 Exception <a 'java/lang/reflect/InvocationTargetException'{0x00000000d7ee9528}> (0x00000000d7ee9528) thrown at [src/hotspot/share/runtime/reflection.cpp, line 1247]
Event: 1.434 Thread 0x00000217627f7000 Exception <a 'java/lang/NoSuchMethodError'{0x00000000d7d07e90}: <clinit>> (0x00000000d7d07e90) thrown at [src/hotspot/share/prims/jni.cpp, line 1366]
Event: 165.445 Thread 0x00000217627f7000 Exception <a 'java/lang/NoSuchMethodError'{0x00000000d8ff9320}: <clinit>> (0x00000000d8ff9320) thrown at [src/hotspot/share/prims/jni.cpp, line 1366]
Event: 165.597 Thread 0x00000217627f7000 Exception <a 'java/lang/NoSuchMethodError'{0x00000000d9048dd8}: <clinit>> (0x00000000d9048dd8) thrown at [src/hotspot/share/prims/jni.cpp, line 1366]
Event: 165.597 Thread 0x00000217627f7000 Exception <a 'java/lang/NoSuchMethodError'{0x00000000d9055670}: <clinit>> (0x00000000d9055670) thrown at [src/hotspot/share/prims/jni.cpp, line 1366]
Event: 165.670 Thread 0x00000217627f7000 Exception <a 'java/lang/NoSuchMethodError'{0x00000000d8f6cf40}: <clinit>> (0x00000000d8f6cf40) thrown at [src/hotspot/share/prims/jni.cpp, line 1366]
Event: 165.671 Thread 0x00000217627f7000 Exception <a 'java/lang/NoSuchMethodError'{0x00000000d8f781c8}: <clinit>> (0x00000000d8f781c8) thrown at [src/hotspot/share/prims/jni.cpp, line 1366]
Event: 165.673 Thread 0x00000217627f7000 Exception <a 'java/lang/NoSuchMethodError'{0x00000000d8f86c78}: <clinit>> (0x00000000d8f86c78) thrown at [src/hotspot/share/prims/jni.cpp, line 1366]
Event: 166.096 Thread 0x00000217627f7000 Exception <a 'java/lang/NoSuchMethodError'{0x00000000d8a24a10}: <clinit>> (0x00000000d8a24a10) thrown at [src/hotspot/share/prims/jni.cpp, line 1366]
Event: 166.658 Thread 0x0000021761b44800 Exception <a 'java/lang/NoSuchMethodError'{0x00000000d84b4a98}: <clinit>> (0x00000000d84b4a98) thrown at [src/hotspot/share/prims/jni.cpp, line 1366]
Event: 166.659 Thread 0x0000021761b44800 Exception <a 'java/lang/NoSuchMethodError'{0x00000000d84b5f80}: <clinit>> (0x00000000d84b5f80) thrown at [src/hotspot/share/prims/jni.cpp, line 1366]
Event: 166.659 Thread 0x0000021761b44800 Exception <a 'java/lang/NoSuchMethodError'{0x00000000d84c36e0}: <clinit>> (0x00000000d84c36e0) thrown at [src/hotspot/share/prims/jni.cpp, line 1366]

Events (20 events):
Event: 166.648 loading class org/postgresql/translation/messages_en
Event: 166.648 loading class org/postgresql/translation/messages_en done
Event: 166.649 loading class org/postgresql/translation/messages_en_US
Event: 166.649 loading class org/postgresql/translation/messages_en_US done
Event: 166.649 loading class java/text/MessageFormat
Event: 166.650 loading class java/text/MessageFormat done
Event: 166.650 loading class java/text/MessageFormat$Field
Event: 166.651 loading class java/text/Format$Field
Event: 166.651 loading class java/text/AttributedCharacterIterator$Attribute
Event: 166.651 loading class java/text/AttributedCharacterIterator$Attribute done
Event: 166.651 loading class java/text/Format$Field done
Event: 166.651 loading class java/text/MessageFormat$Field done
Event: 166.651 loading class org/postgresql/util/PSQLState
Event: 166.651 loading class org/postgresql/util/PSQLState done
Event: 166.653 loading class com/intellij/database/remote/jdba/exceptions/StrippedSQLException
Event: 166.653 loading class com/intellij/database/remote/jdba/exceptions/StrippedSQLException done
Event: 166.654 loading class com/intellij/database/remote/jdba/exceptions/StrippedUnknownException
Event: 166.654 loading class com/intellij/database/remote/jdba/exceptions/StrippedUnknownException done
Event: 166.662 Executing VM operation: BulkRevokeBias
Event: 166.662 Executing VM operation: BulkRevokeBias done


Dynamic libraries:
0x00007ff78e5f0000 - 0x00007ff78e5fa000 	C:\Program Files\JetBrains\IntelliJ IDEA 2021.2.3\jbr\bin\java.exe
0x00007ffe72cb0000 - 0x00007ffe72ea5000 	C:\Windows\SYSTEM32\ntdll.dll
0x00007ffe72b00000 - 0x00007ffe72bbd000 	C:\Windows\System32\KERNEL32.DLL
0x00007ffe70520000 - 0x00007ffe707ed000 	C:\Windows\System32\KERNELBASE.dll
0x00007ffe70a80000 - 0x00007ffe70b80000 	C:\Windows\System32\ucrtbase.dll
0x00007ffe36ab0000 - 0x00007ffe36ac9000 	C:\Program Files\JetBrains\IntelliJ IDEA 2021.2.3\jbr\bin\jli.dll
0x00007ffe36360000 - 0x00007ffe36376000 	C:\Program Files\JetBrains\IntelliJ IDEA 2021.2.3\jbr\bin\VCRUNTIME140.dll
0x00007ffe71870000 - 0x00007ffe71a10000 	C:\Windows\System32\USER32.dll
0x00007ffe70cd0000 - 0x00007ffe70cf2000 	C:\Windows\System32\win32u.dll
0x00007ffe533a0000 - 0x00007ffe5363a000 	C:\Windows\WinSxS\amd64_microsoft.windows.common-controls_6595b64144ccf1df_6.0.19041.1110_none_60b5254171f9507e\COMCTL32.dll
0x00007ffe729a0000 - 0x00007ffe729ca000 	C:\Windows\System32\GDI32.dll
0x00007ffe70e70000 - 0x00007ffe70f0e000 	C:\Windows\System32\msvcrt.dll
0x00007ffe70410000 - 0x00007ffe7051b000 	C:\Windows\System32\gdi32full.dll
0x00007ffe707f0000 - 0x00007ffe7088d000 	C:\Windows\System32\msvcp_win.dll
0x00007ffe70f10000 - 0x00007ffe70f40000 	C:\Windows\System32\IMM32.DLL
0x00007ffe19a80000 - 0x00007ffe19b2a000 	C:\Program Files\JetBrains\IntelliJ IDEA 2021.2.3\jbr\bin\msvcp140.dll
0x00007ffe20940000 - 0x00007ffe214ba000 	C:\Program Files\JetBrains\IntelliJ IDEA 2021.2.3\jbr\bin\server\jvm.dll
0x00007ffe71670000 - 0x00007ffe7171e000 	C:\Windows\System32\ADVAPI32.dll
0x00007ffe70dd0000 - 0x00007ffe70e6c000 	C:\Windows\System32\sechost.dll
0x00007ffe726e0000 - 0x00007ffe72805000 	C:\Windows\System32\RPCRT4.dll
0x00007ffe729d0000 - 0x00007ffe729d8000 	C:\Windows\System32\PSAPI.DLL
0x00007ffe4ddd0000 - 0x00007ffe4ddf7000 	C:\Windows\SYSTEM32\WINMM.dll
0x00007ffe4ddc0000 - 0x00007ffe4ddc9000 	C:\Windows\SYSTEM32\WSOCK32.dll
0x00007ffe72670000 - 0x00007ffe726db000 	C:\Windows\System32\WS2_32.dll
0x00007ffe69f80000 - 0x00007ffe69f8a000 	C:\Windows\SYSTEM32\VERSION.dll
0x00007ffe6ec10000 - 0x00007ffe6ec22000 	C:\Windows\SYSTEM32\kernel.appcore.dll
0x00007ffe5c5f0000 - 0x00007ffe5c601000 	C:\Program Files\JetBrains\IntelliJ IDEA 2021.2.3\jbr\bin\verify.dll
0x00007ffe6dfb0000 - 0x00007ffe6e194000 	C:\Windows\SYSTEM32\DBGHELP.DLL
0x00007ffe522e0000 - 0x00007ffe5230c000 	C:\Windows\SYSTEM32\dbgcore.DLL
0x00007ffe709f0000 - 0x00007ffe70a72000 	C:\Windows\System32\bcryptPrimitives.dll
0x00007ffe55da0000 - 0x00007ffe55dc9000 	C:\Program Files\JetBrains\IntelliJ IDEA 2021.2.3\jbr\bin\java.dll
0x00007ffe6bb00000 - 0x00007ffe6bb0b000 	C:\Program Files\JetBrains\IntelliJ IDEA 2021.2.3\jbr\bin\jimage.dll
0x00007ffe55cd0000 - 0x00007ffe55ce9000 	C:\Program Files\JetBrains\IntelliJ IDEA 2021.2.3\jbr\bin\zip.dll
0x00007ffe71f20000 - 0x00007ffe72664000 	C:\Windows\System32\SHELL32.dll
0x00007ffe6e460000 - 0x00007ffe6ebf4000 	C:\Windows\SYSTEM32\windows.storage.dll
0x00007ffe71310000 - 0x00007ffe71664000 	C:\Windows\System32\combase.dll
0x00007ffe6fc70000 - 0x00007ffe6fc9c000 	C:\Windows\SYSTEM32\Wldp.dll
0x00007ffe72810000 - 0x00007ffe728bd000 	C:\Windows\System32\SHCORE.dll
0x00007ffe70fc0000 - 0x00007ffe71015000 	C:\Windows\System32\shlwapi.dll
0x00007ffe70300000 - 0x00007ffe7031f000 	C:\Windows\SYSTEM32\profapi.dll
0x00007ffe55c50000 - 0x00007ffe55c6a000 	C:\Program Files\JetBrains\IntelliJ IDEA 2021.2.3\jbr\bin\net.dll
0x00007ffe6b690000 - 0x00007ffe6b79a000 	C:\Windows\SYSTEM32\WINHTTP.dll
0x00007ffe6fa50000 - 0x00007ffe6faba000 	C:\Windows\system32\mswsock.dll
0x00007ffe55c30000 - 0x00007ffe55c44000 	C:\Program Files\JetBrains\IntelliJ IDEA 2021.2.3\jbr\bin\nio.dll
0x00007ffe6fd10000 - 0x00007ffe6fd28000 	C:\Windows\SYSTEM32\CRYPTSP.dll
0x00007ffe6f3f0000 - 0x00007ffe6f424000 	C:\Windows\system32\rsaenh.dll
0x00007ffe70b80000 - 0x00007ffe70ba7000 	C:\Windows\System32\bcrypt.dll
0x00007ffe70280000 - 0x00007ffe702ae000 	C:\Windows\SYSTEM32\USERENV.dll
0x00007ffe6fbe0000 - 0x00007ffe6fbec000 	C:\Windows\SYSTEM32\CRYPTBASE.dll
0x00007ffe6f760000 - 0x00007ffe6f79b000 	C:\Windows\SYSTEM32\IPHLPAPI.DLL
0x00007ffe71720000 - 0x00007ffe71728000 	C:\Windows\System32\NSI.dll
0x00007ffe69640000 - 0x00007ffe69657000 	C:\Windows\SYSTEM32\dhcpcsvc6.DLL
0x00007ffe69590000 - 0x00007ffe695ad000 	C:\Windows\SYSTEM32\dhcpcsvc.DLL
0x00007ffe6f7a0000 - 0x00007ffe6f86b000 	C:\Windows\SYSTEM32\DNSAPI.dll
0x00007ffe6b9d0000 - 0x00007ffe6b9d8000 	C:\Program Files\JetBrains\IntelliJ IDEA 2021.2.3\jbr\bin\rmi.dll
0x00007ffe69070000 - 0x00007ffe6907a000 	C:\Windows\System32\rasadhlp.dll
0x00007ffe68bd0000 - 0x00007ffe68c50000 	C:\Windows\System32\fwpuclnt.dll
0x00007ffe55d60000 - 0x00007ffe55d6a000 	C:\Program Files\JetBrains\IntelliJ IDEA 2021.2.3\jbr\bin\management.dll
0x00007ffe524c0000 - 0x00007ffe524cd000 	C:\Program Files\JetBrains\IntelliJ IDEA 2021.2.3\jbr\bin\management_ext.dll
0x00007ffe65a80000 - 0x00007ffe65a8f000 	C:\Program Files\JetBrains\IntelliJ IDEA 2021.2.3\jbr\bin\sunmscapi.dll
0x00007ffe70890000 - 0x00007ffe709e6000 	C:\Windows\System32\CRYPT32.dll
0x00007ffe6fe20000 - 0x00007ffe6fe47000 	C:\Windows\SYSTEM32\ncrypt.dll
0x00007ffe6fde0000 - 0x00007ffe6fe1b000 	C:\Windows\SYSTEM32\NTASN1.dll
0x00007ffe50d00000 - 0x00007ffe50d28000 	C:\Program Files\JetBrains\IntelliJ IDEA 2021.2.3\jbr\bin\sunec.dll

dbghelp: loaded successfully - version: 4.0.5 - missing functions: none
symbol engine: initialized successfully - sym options: 0x614 - pdb path: .;C:\Program Files\JetBrains\IntelliJ IDEA 2021.2.3\jbr\bin;C:\Windows\SYSTEM32;C:\Windows\WinSxS\amd64_microsoft.windows.common-controls_6595b64144ccf1df_6.0.19041.1110_none_60b5254171f9507e;C:\Program Files\JetBrains\IntelliJ IDEA 2021.2.3\jbr\bin\server

VM Arguments:
jvm_args: -Djava.rmi.server.hostname=127.0.0.1 -Duser.timezone=UTC -Xmx750m -Xms128m -Dfile.encoding=UTF-8 
java_command: com.intellij.database.remote.RemoteJdbcServer org.postgresql.Driver
java_class_path (initial): C:\Program Files\JetBrains\IntelliJ IDEA 2021.2.3\lib\util_rt.jar;C:\Program Files\JetBrains\IntelliJ IDEA 2021.2.3\lib\util.jar;C:\Program Files\JetBrains\IntelliJ IDEA 2021.2.3\lib\groovy.jar;C:\Program Files\JetBrains\IntelliJ IDEA 2021.2.3\plugins\DatabaseTools\lib\jdbc-console.jar;C:\Users\Comp\AppData\Roaming\JetBrains\IntelliJIdea2022.1\jdbc-drivers\PostgreSQL\42.3.3\org\postgresql\postgresql\42.3.3\postgresql-42.3.3.jar;C:\Users\Comp\AppData\Roaming\JetBrains\IntelliJIdea2022.1\jdbc-drivers\PostgreSQL\42.3.3\org\checkerframework\checker-qual\3.5.0\checker-qual-3.5.0.jar;C:\Users\Comp\AppData\Roaming\JetBrains\IntelliJIdea2022.1\jdbc-drivers\PostgreSQL\42.3.3\net\java\dev\jna\jna-platform\5.10.0\jna-platform-5.10.0.jar;C:\Users\Comp\AppData\Roaming\JetBrains\IntelliJIdea2022.1\jdbc-drivers\PostgreSQL\42.3.3\net\java\dev\jna\jna\5.10.0\jna-5.10.0.jar;C:\Users\Comp\AppData\Roaming\JetBrains\IntelliJIdea2022.1\jdbc-drivers\PostgreSQL\42.3.3\com\github\dblock\waffle\waffle-jna\1.8.1\waffle-jna-1.8.1.jar;C:\Users\Comp\AppData\Roaming\JetBrains\IntelliJIdea2022.1\jdbc-drivers\PostgreSQL\42.3.3\net\java\dev\jna\jna\4.2.1\jna-4.2.1.jar;C:\Users\Comp\AppData\Roaming\JetBrains\IntelliJIdea2022.1\jdbc-drivers\PostgreSQL\42.3.3\net\java\dev\jna\jna-platform\4.2.1\jna-platform-4.2.1.jar;C:\Users\Comp\AppData\Roaming\JetBrains\IntelliJIdea2022.1\jdbc-drivers\PostgreSQL\42.3.3\org\slf4j\jcl-over-slf4j\1.7.14\jcl-over-slf4j-1.7.14.jar;C:\Users\Comp\AppData\Roaming\JetBrains\IntelliJIdea2022.1\jdbc-drivers\PostgreSQL\42.3.3\org\slf4j\slf4j-api\1.7.14\slf4j-api-1.7.14.jar;C:\Users\Comp\AppData\Roaming\JetBrains\IntelliJIdea2022.1\jdbc-drivers\PostgreSQL\42.3.3\com\google\guava\guava\19.0\guava-19.0.jar
Launcher Type: SUN_STANDARD

[Global flags]
     intx CICompilerCount                          = 4                                         {product} {ergonomic}
     uint ConcGCThreads                            = 2                                         {product} {ergonomic}
     uint G1ConcRefinementThreads                  = 8                                         {product} {ergonomic}
   size_t G1HeapRegionSize                         = 1048576                                   {product} {ergonomic}
    uintx GCDrainStackTargetSize                   = 64                                        {product} {ergonomic}
   size_t InitialHeapSize                          = 134217728                                 {product} {command line}
   size_t MarkStackSize                            = 4194304                                   {product} {ergonomic}
   size_t MaxHeapSize                              = 786432000                                 {product} {command line}
   size_t MaxNewSize                               = 471859200                                 {product} {ergonomic}
   size_t MinHeapDeltaBytes                        = 1048576                                   {product} {ergonomic}
    uintx NonNMethodCodeHeapSize                   = 5836300                                {pd product} {ergonomic}
    uintx NonProfiledCodeHeapSize                  = 122910970                              {pd product} {ergonomic}
    uintx ProfiledCodeHeapSize                     = 122910970                              {pd product} {ergonomic}
    uintx ReservedCodeCacheSize                    = 251658240                              {pd product} {ergonomic}
     bool SegmentedCodeCache                       = true                                      {product} {ergonomic}
     bool UseCompressedClassPointers               = true                                 {lp64_product} {ergonomic}
     bool UseCompressedOops                        = true                                 {lp64_product} {ergonomic}
     bool UseG1GC                                  = true                                      {product} {ergonomic}
     bool UseLargePagesIndividualAllocation        = false                                  {pd product} {ergonomic}

Logging:
Log output configuration:
 #0: stdout all=warning uptime,level,tags
 #1: stderr all=off uptime,level,tags

Environment Variables:
JAVA_HOME=c:\program files\java\jdk-17.0.1
PATH=C:\Program Files\Common Files\Oracle\Java\javapath;C:\Python310\Scripts\;C:\Python310\;C:\Windows\system32;C:\Windows;C:\Windows\System32\Wbem;C:\Windows\System32\WindowsPowerShell\v1.0\;C:\Windows\System32\OpenSSH\;C:\Ruby30-x64\bin;C:\Program Files\Git\cmd;C:\sqlite3;C:\ProgramData\chocolatey\bin;C:\Program Files\nodejs\;C:\pgsql\bin;C:\Ruby30-x64\bin;c:\jruby-9.3.2.0\bin;C:\sqlite3;C:\Users\Comp\AppData\Roaming\npm;C:\Users\Comp\AppData\Local\GitHubDesktop\bin;C:\Program Files\heroku\bin;C:\pgsql\bin
USERNAME=Comp
OS=Windows_NT
PROCESSOR_IDENTIFIER=Intel64 Family 6 Model 140 Stepping 1, GenuineIntel



---------------  S Y S T E M  ---------------

OS: Windows 10 , 64 bit Build 19041 (10.0.19041.1682)
OS uptime: 0 days 20:04 hours
Hyper-V role detected

CPU:total 8 (initial active 8) (4 cores per cpu, 2 threads per core) family 6 model 140 stepping 1 microcode 0x8a, cmov, cx8, fxsr, mmx, sse, sse2, sse3, ssse3, sse4.1, sse4.2, popcnt, avx, avx2, aes, clmul, erms, 3dnowpref, lzcnt, ht, tsc, tscinvbit, bmi1, bmi2, adx, evex, sha, fma

Memory: 4k page, system-wide physical 7834M (180M free)
TotalPageFile size 7834M (AvailPageFile size 5M)
current process WorkingSet (physical memory assigned to process): 118M, peak: 118M
current process commit charge ("private bytes"): 248M, peak: 251M

vm_info: OpenJDK 64-Bit Server VM (11.0.14.1+1-b2043.25) for windows-amd64 JRE (11.0.14.1+1-b2043.25), built on Mar 30 2022 06:22:56 by "" with MS VC++ 14.0 (VS2015)

END.
